TN:
SF:/Users/zhangshun/workspace/groups/kangning1206/uxcore-input-form-field/src/index.js
FNF:0
FNH:0
DA:11,1
LF:1
LH:1
BRF:0
BRH:0
end_of_record
TN:
SF:/Users/zhangshun/workspace/groups/kangning1206/uxcore-input-form-field/src/InputFormField.js
FN:3,(anonymous_1)
FN:5,_defaults
FN:7,_classCallCheck
FN:9,_possibleConstructorReturn
FN:11,_inherits
FN:29,(anonymous_6)
FN:32,FormCount
FN:38,render
FN:58,(anonymous_9)
FN:61,LeftAddon
FN:67,render
FN:86,(anonymous_12)
FN:89,RightAddon
FN:95,render
FN:115,(anonymous_15)
FN:118,InputFormField
FN:124,getValue
FN:128,handleChange
FN:139,trim
FN:143,handleFocus
FN:150,handleBlur
FN:162,handleKeyDown
FN:167,deFormatValue
FN:171,addSpecificClass
FN:180,getCount
FN:184,(anonymous_26)
FN:203,renderLeftAddon
FN:207,(anonymous_28)
FN:220,renderRightAddon
FN:224,(anonymous_30)
FN:237,renderField
FN:307,onBlur
FN:308,onFocus
FN:309,onKeyDown
FN:310,renderView
FNF:35
FNH:23
FNDA:10,(anonymous_1)
FNDA:4,_defaults
FNDA:9,_classCallCheck
FNDA:9,_possibleConstructorReturn
FNDA:4,_inherits
FNDA:1,(anonymous_6)
FNDA:1,FormCount
FNDA:1,render
FNDA:1,(anonymous_9)
FNDA:0,LeftAddon
FNDA:0,render
FNDA:1,(anonymous_12)
FNDA:0,RightAddon
FNDA:0,render
FNDA:1,(anonymous_15)
FNDA:8,InputFormField
FNDA:0,getValue
FNDA:1,handleChange
FNDA:2,trim
FNDA:0,handleFocus
FNDA:0,handleBlur
FNDA:0,handleKeyDown
FNDA:1,deFormatValue
FNDA:10,addSpecificClass
FNDA:11,getCount
FNDA:1,(anonymous_26)
FNDA:10,renderLeftAddon
FNDA:1,(anonymous_28)
FNDA:10,renderRightAddon
FNDA:1,(anonymous_30)
FNDA:10,renderField
FNDA:0,onBlur
FNDA:0,onFocus
FNDA:0,onKeyDown
FNDA:0,renderView
DA:3,10
DA:5,24
DA:7,9
DA:9,9
DA:11,4
DA:21,1
DA:22,1
DA:23,1
DA:24,1
DA:25,1
DA:26,1
DA:27,1
DA:29,1
DA:30,1
DA:32,1
DA:33,1
DA:35,1
DA:38,1
DA:39,1
DA:40,1
DA:47,1
DA:50,1
DA:51,1
DA:56,1
DA:58,1
DA:59,1
DA:61,1
DA:62,0
DA:64,0
DA:67,1
DA:68,0
DA:69,0
DA:79,1
DA:82,1
DA:83,1
DA:84,1
DA:86,1
DA:87,1
DA:89,1
DA:90,0
DA:92,0
DA:95,1
DA:96,0
DA:97,0
DA:104,1
DA:107,1
DA:108,1
DA:109,1
DA:115,1
DA:116,1
DA:118,1
DA:119,8
DA:121,8
DA:124,1
DA:125,0
DA:128,1
DA:129,1
DA:130,1
DA:132,1
DA:133,1
DA:134,1
DA:136,1
DA:139,1
DA:140,2
DA:143,1
DA:144,0
DA:147,0
DA:150,1
DA:151,0
DA:152,0
DA:155,0
DA:156,0
DA:157,0
DA:159,0
DA:162,1
DA:163,0
DA:164,0
DA:167,1
DA:168,1
DA:171,1
DA:172,10
DA:173,10
DA:174,10
DA:176,0
DA:180,1
DA:181,11
DA:182,11
DA:183,10
DA:184,10
DA:185,1
DA:186,1
DA:189,10
DA:190,1
DA:191,1
DA:196,1
DA:203,1
DA:204,10
DA:205,10
DA:206,10
DA:207,10
DA:208,1
DA:209,0
DA:212,10
DA:213,0
DA:220,1
DA:221,10
DA:222,10
DA:223,10
DA:224,10
DA:225,1
DA:226,0
DA:230,10
DA:231,0
DA:237,1
DA:238,10
DA:239,10
DA:240,10
DA:241,10
DA:242,10
DA:243,10
DA:244,10
DA:245,10
DA:246,10
DA:250,10
DA:251,0
DA:253,10
DA:254,10
DA:255,10
DA:274,10
DA:275,0
DA:276,10
DA:277,1
DA:279,0
DA:280,0
DA:286,10
DA:289,1
DA:292,1
DA:293,1
DA:294,1
DA:295,1
DA:305,1
DA:311,0
DA:316,1
DA:317,1
LF:144
LH:115
BRDA:3,1,0,1
BRDA:3,1,1,1
BRDA:3,2,0,0
BRDA:3,2,1,0
BRDA:5,3,0,4
BRDA:5,3,1,20
BRDA:5,4,0,24
BRDA:5,4,1,24
BRDA:5,4,2,4
BRDA:7,5,0,0
BRDA:7,5,1,9
BRDA:9,6,0,0
BRDA:9,6,1,9
BRDA:9,7,0,8
BRDA:9,7,1,1
BRDA:9,8,0,9
BRDA:9,8,1,8
BRDA:9,8,2,0
BRDA:11,9,0,0
BRDA:11,9,1,4
BRDA:11,10,0,4
BRDA:11,10,1,0
BRDA:11,11,0,4
BRDA:11,11,1,4
BRDA:11,12,0,4
BRDA:11,12,1,0
BRDA:11,13,0,0
BRDA:11,13,1,4
BRDA:133,14,0,1
BRDA:133,14,1,0
BRDA:156,15,0,0
BRDA:156,15,1,0
BRDA:173,16,0,10
BRDA:173,16,1,0
BRDA:185,17,0,1
BRDA:185,17,1,0
BRDA:185,18,0,1
BRDA:185,18,1,1
BRDA:185,18,2,1
BRDA:189,19,0,1
BRDA:189,19,1,9
BRDA:192,20,0,0
BRDA:192,20,1,1
BRDA:208,21,0,0
BRDA:208,21,1,1
BRDA:208,22,0,1
BRDA:208,22,1,1
BRDA:208,22,2,1
BRDA:212,23,0,0
BRDA:212,23,1,10
BRDA:225,24,0,0
BRDA:225,24,1,1
BRDA:225,25,0,1
BRDA:225,25,1,1
BRDA:225,25,2,1
BRDA:230,26,0,0
BRDA:230,26,1,10
BRDA:240,27,0,10
BRDA:240,27,1,10
BRDA:245,28,0,10
BRDA:245,28,1,0
BRDA:250,29,0,0
BRDA:250,29,1,10
BRDA:254,30,0,0
BRDA:254,30,1,10
BRDA:254,31,0,10
BRDA:254,31,1,0
BRDA:258,32,0,10
BRDA:258,32,1,9
BRDA:265,33,0,0
BRDA:265,33,1,10
BRDA:265,34,0,10
BRDA:265,34,1,10
BRDA:274,35,0,0
BRDA:274,35,1,10
BRDA:276,36,0,1
BRDA:276,36,1,9
BRDA:279,37,0,0
BRDA:279,37,1,0
BRF:79
BRH:52
end_of_record
TN:
SF:/Users/zhangshun/workspace/groups/kangning1206/uxcore-input-form-field/src/util.js
FN:4,getIEVer
FNF:1
FNH:1
FNDA:10,getIEVer
DA:3,1
DA:5,10
DA:6,10
DA:7,10
DA:8,10
DA:10,0
DA:12,10
DA:14,0
DA:16,10
DA:18,0
LF:10
LH:7
BRDA:5,1,0,10
BRDA:5,1,1,0
BRDA:8,2,0,0
BRDA:8,2,1,10
BRDA:12,3,0,0
BRDA:12,3,1,10
BRF:6
BRH:3
end_of_record
