TN:
SF:/Users/ens/pwd/uxcore/uxcore-input-form-field/src/index.js
FNF:0
FNH:0
DA:11,1
LF:1
LH:1
BRF:0
BRH:0
end_of_record
TN:
SF:/Users/ens/pwd/uxcore/uxcore-input-form-field/src/InputFormField.jsx
FN:3,(anonymous_1)
FN:5,_defaults
FN:7,_classCallCheck
FN:9,_possibleConstructorReturn
FN:11,_inherits
FN:36,(anonymous_6)
FN:39,InputFormField
FN:45,handleChange
FN:56,handleFocus
FN:63,handleBlur
FN:75,handleMouseEnter
FN:81,handleMouseLeave
FN:87,handleKeyDown
FN:93,deFormatValue
FN:97,addSpecificClass
FN:103,getCount
FN:107,(anonymous_17)
FN:127,renderLeftAddon
FN:131,(anonymous_19)
FN:145,renderRightAddon
FN:149,(anonymous_21)
FN:163,renderField
FN:189,onMouseEnter
FN:192,onMouseLeave
FN:195,onFocus
FN:198,onBlur
FN:201,onChange
FN:204,onKeyDown
FN:242,onBlur
FN:243,onFocus
FN:244,onKeyDown
FN:245,renderView
FNF:32
FNH:28
FNDA:15,(anonymous_1)
FNDA:1,_defaults
FNDA:13,_classCallCheck
FNDA:13,_possibleConstructorReturn
FNDA:1,_inherits
FNDA:1,(anonymous_6)
FNDA:13,InputFormField
FNDA:1,handleChange
FNDA:1,handleFocus
FNDA:1,handleBlur
FNDA:0,handleMouseEnter
FNDA:0,handleMouseLeave
FNDA:1,handleKeyDown
FNDA:1,deFormatValue
FNDA:16,addSpecificClass
FNDA:16,getCount
FNDA:5,(anonymous_17)
FNDA:16,renderLeftAddon
FNDA:5,(anonymous_19)
FNDA:16,renderRightAddon
FNDA:5,(anonymous_21)
FNDA:16,renderField
FNDA:0,onMouseEnter
FNDA:0,onMouseLeave
FNDA:1,onFocus
FNDA:1,onBlur
FNDA:1,onChange
FNDA:1,onKeyDown
FNDA:1,onBlur
FNDA:1,onFocus
FNDA:1,onKeyDown
FNDA:1,renderView
DA:3,15
DA:5,9
DA:7,13
DA:9,13
DA:11,1
DA:21,1
DA:22,1
DA:23,1
DA:24,1
DA:25,1
DA:27,1
DA:28,1
DA:29,1
DA:30,1
DA:36,1
DA:37,1
DA:39,1
DA:40,13
DA:42,13
DA:45,1
DA:46,1
DA:47,1
DA:49,1
DA:50,1
DA:51,1
DA:53,1
DA:56,1
DA:57,1
DA:60,1
DA:63,1
DA:64,1
DA:65,1
DA:68,1
DA:69,1
DA:70,1
DA:72,1
DA:75,1
DA:76,0
DA:81,1
DA:82,0
DA:87,1
DA:88,1
DA:89,1
DA:93,1
DA:94,1
DA:97,1
DA:98,16
DA:103,1
DA:104,16
DA:105,16
DA:106,16
DA:107,16
DA:108,5
DA:109,3
DA:112,16
DA:113,3
DA:114,3
DA:119,3
DA:124,13
DA:127,1
DA:128,16
DA:129,16
DA:130,16
DA:131,16
DA:132,5
DA:133,1
DA:136,16
DA:137,1
DA:142,15
DA:145,1
DA:146,16
DA:147,16
DA:148,16
DA:149,16
DA:150,5
DA:151,1
DA:155,16
DA:156,1
DA:160,15
DA:163,1
DA:164,16
DA:165,16
DA:166,16
DA:167,16
DA:168,16
DA:169,16
DA:170,16
DA:171,15
DA:172,15
DA:173,1
DA:175,15
DA:176,15
DA:177,15
DA:190,0
DA:193,0
DA:196,1
DA:199,1
DA:202,1
DA:205,1
DA:209,15
DA:210,1
DA:211,14
DA:212,3
DA:214,1
DA:215,1
DA:221,16
DA:224,1
DA:227,1
DA:228,1
DA:229,1
DA:230,1
DA:240,1
DA:246,1
DA:251,1
DA:252,1
LF:115
LH:111
BRDA:3,1,0,1
BRDA:3,1,1,1
BRDA:3,2,0,0
BRDA:3,2,1,0
BRDA:5,3,0,4
BRDA:5,3,1,5
BRDA:5,4,0,9
BRDA:5,4,1,9
BRDA:5,4,2,4
BRDA:7,5,0,0
BRDA:7,5,1,13
BRDA:9,6,0,0
BRDA:9,6,1,13
BRDA:9,7,0,13
BRDA:9,7,1,0
BRDA:9,8,0,13
BRDA:9,8,1,13
BRDA:9,8,2,0
BRDA:11,9,0,0
BRDA:11,9,1,1
BRDA:11,10,0,1
BRDA:11,10,1,0
BRDA:11,11,0,1
BRDA:11,11,1,1
BRDA:11,12,0,1
BRDA:11,12,1,0
BRDA:11,13,0,0
BRDA:11,13,1,1
BRDA:50,14,0,1
BRDA:50,14,1,0
BRDA:69,15,0,1
BRDA:69,15,1,0
BRDA:108,16,0,3
BRDA:108,16,1,2
BRDA:108,17,0,5
BRDA:108,17,1,5
BRDA:108,17,2,5
BRDA:112,18,0,3
BRDA:112,18,1,13
BRDA:115,19,0,1
BRDA:115,19,1,2
BRDA:132,20,0,1
BRDA:132,20,1,4
BRDA:132,21,0,5
BRDA:132,21,1,5
BRDA:132,21,2,5
BRDA:136,22,0,1
BRDA:136,22,1,15
BRDA:150,23,0,1
BRDA:150,23,1,4
BRDA:150,24,0,5
BRDA:150,24,1,5
BRDA:150,24,2,5
BRDA:155,25,0,1
BRDA:155,25,1,15
BRDA:166,26,0,16
BRDA:166,26,1,15
BRDA:170,27,0,15
BRDA:170,27,1,1
BRDA:172,28,0,1
BRDA:172,28,1,14
BRDA:176,29,0,0
BRDA:176,29,1,15
BRDA:176,30,0,15
BRDA:176,30,1,0
BRDA:180,31,0,15
BRDA:180,31,1,12
BRDA:186,32,0,1
BRDA:186,32,1,14
BRDA:186,33,0,15
BRDA:186,33,1,15
BRDA:209,34,0,1
BRDA:209,34,1,14
BRDA:211,35,0,3
BRDA:211,35,1,11
BRDA:214,36,0,1
BRDA:214,36,1,0
BRF:77
BRH:62
end_of_record
TN:
SF:/Users/ens/pwd/uxcore/uxcore-input-form-field/src/util.js
FN:3,getIEVer
FN:22,trim
FNF:2
FNH:2
FNDA:16,getIEVer
FNDA:2,trim
DA:3,1
DA:4,16
DA:5,16
DA:6,16
DA:7,16
DA:10,0
DA:12,16
DA:15,0
DA:17,16
DA:19,0
DA:22,1
DA:23,2
DA:26,1
LF:13
LH:10
BRDA:4,1,0,16
BRDA:4,1,1,0
BRDA:7,2,0,0
BRDA:7,2,1,16
BRDA:12,3,0,0
BRDA:12,3,1,16
BRF:6
BRH:3
end_of_record
TN:
SF:/Users/ens/pwd/uxcore/uxcore-input-form-field/src/addons/FormCount.jsx
FN:3,_defineProperty
FN:8,FormCount
FNF:2
FNH:2
FNDA:6,_defineProperty
FNDA:3,FormCount
DA:3,6
DA:5,1
DA:6,1
DA:8,1
DA:9,3
DA:11,3
DA:34,1
DA:37,1
DA:43,1
DA:45,1
LF:10
LH:10
BRDA:3,1,0,0
BRDA:3,1,1,6
BRF:2
BRH:1
end_of_record
TN:
SF:/Users/ens/pwd/uxcore/uxcore-input-form-field/src/addons/LeftAddon.jsx
FN:6,LeftAddon
FNF:1
FNH:1
FNDA:1,LeftAddon
DA:3,1
DA:4,1
DA:6,1
DA:7,1
DA:20,1
DA:21,1
DA:26,1
DA:28,1
LF:8
LH:8
BRF:0
BRH:0
end_of_record
TN:
SF:/Users/ens/pwd/uxcore/uxcore-input-form-field/src/addons/RightAddon.jsx
FN:5,RightAddon
FNF:1
FNH:1
FNDA:1,RightAddon
DA:3,1
DA:5,1
DA:6,1
DA:13,1
DA:14,1
DA:17,1
DA:19,1
LF:7
LH:7
BRF:0
BRH:0
end_of_record
